<?xml version="1.0" encoding="UTF-8"?>
<!-- Generated by org.testng.reporters.JUnitReportReporter -->
<testsuite hostname="Prashant-PC" name="com.scp.logintests.LoginTest" tests="1" failures="0" timestamp="24 Sep 2017 07:52:57 GMT" time="44.711" errors="0">
  <testcase name="loginOrangeHRM" time="44.711" classname="com.scp.logintests.LoginTest"/>
</testsuite> <!-- com.scp.logintests.LoginTest -->
